Using pre-set license
Built from '2021.1/staging' branch; Version is '2021.1.26f1 (6f076387c01d) revision 7276387'; Using compiler version '192528614'; Build Type 'Release'
OS: 'Windows 10 Enterprise; OS build 22000.258; Version 2009; 64bit' Language: 'en' Physical Memory: 16227 MB
BatchMode: 1, IsHumanControllingUs: 0, StartBugReporterOnCrash: 0, Is64bit: 1, IsPro: 0

COMMAND LINE ARGUMENTS:
C:\Program Files\Unity\Hub\Editor\2021.1.26f1\Editor\Unity.exe
-adb2
-batchMode
-noUpm
-name
AssetImportWorker0
-projectPath
D:/Hamidreza/Projects/AHTEAM/UIFramework/Source/UnityUIFramework
-logFile
Logs/AssetImportWorker0.log
-srvPort
58750
Successfully changed project path to: D:/Hamidreza/Projects/AHTEAM/UIFramework/Source/UnityUIFramework
D:/Hamidreza/Projects/AHTEAM/UIFramework/Source/UnityUIFramework
Using Asset Import Pipeline V2.
Refreshing native plugins compatible for Editor in 67.98 ms, found 3 plugins.
Preloading 0 native plugins for Editor in 0.00 ms.
Initialize engine version: 2021.1.26f1 (6f076387c01d)
[Subsystems] Discovering subsystems at path C:/Program Files/Unity/Hub/Editor/2021.1.26f1/Editor/Data/Resources/UnitySubsystems
[Subsystems] Discovering subsystems at path D:/Hamidreza/Projects/AHTEAM/UIFramework/Source/UnityUIFramework/Assets
GfxDevice: creating device client; threaded=0; jobified=0
Direct3D:
    Version:  Direct3D 11.0 [level 11.0]
    Renderer: NVIDIA GeForce GTX 960M (ID=0x139b)
    Vendor:   NVIDIA
    VRAM:     4055 MB
    Driver:   30.0.14.9613
Initialize mono
Mono path[0] = 'C:/Program Files/Unity/Hub/Editor/2021.1.26f1/Editor/Data/Managed'
Mono path[1] = 'C:/Program Files/Unity/Hub/Editor/2021.1.26f1/Editor/Data/MonoBleedingEdge/lib/mono/unityjit'
Mono config path = 'C:/Program Files/Unity/Hub/Editor/2021.1.26f1/Editor/Data/MonoBleedingEdge/etc'
Using monoOptions --debugger-agent=transport=dt_socket,embedding=1,server=y,suspend=n,address=127.0.0.1:56728
Begin MonoManager ReloadAssembly
Registering precompiled unity dll's ...
Register platform support module: C:/Program Files/Unity/Hub/Editor/2021.1.26f1/Editor/Data/PlaybackEngines/WindowsStandaloneSupport/UnityEditor.WindowsStandalone.Extensions.dll
Registered in 0.001701 seconds.
Native extension for WindowsStandalone target not found
Refreshing native plugins compatible for Editor in 52.67 ms, found 3 plugins.
Preloading 0 native plugins for Editor in 0.00 ms.
Mono: successfully reloaded assembly
- Completed reload, in  2.123 seconds
Domain Reload Profiling:
	ReloadAssembly (2123ms)
		BeginReloadAssembly (86ms)
			ExecutionOrderSort (0ms)
			DisableScriptedObjects (0ms)
			BackupInstance (0ms)
			ReleaseScriptingObjects (0ms)
			CreateAndSetChildDomain (1ms)
		EndReloadAssembly (574ms)
			LoadAssemblies (84ms)
			RebuildTransferFunctionScriptingTraits (0ms)
			SetupTypeCache (231ms)
			ReleaseScriptCaches (0ms)
			RebuildScriptCaches (33ms)
			SetupLoadedEditorAssemblies (250ms)
				LogAssemblyErrors (0ms)
				InitializePlatformSupportModulesInManaged (7ms)
				SetLoadedEditorAssemblies (0ms)
				RefreshPlugins (53ms)
				BeforeProcessingInitializeOnLoad (2ms)
				ProcessInitializeOnLoadAttributes (148ms)
				ProcessInitializeOnLoadMethodAttributes (40ms)
				AfterProcessingInitializeOnLoad (0ms)
				EditorAssembliesLoaded (0ms)
			ExecutionOrderSort2 (0ms)
			AwakeInstancesAfterBackupRestoration (0ms)
Platform modules already initialized, skipping
Registering precompiled user dll's ...
Registered in 0.004434 seconds.
Begin MonoManager ReloadAssembly
Native extension for WindowsStandalone target not found
Refreshing native plugins compatible for Editor in 53.51 ms, found 3 plugins.
Preloading 0 native plugins for Editor in 0.00 ms.
Mono: successfully reloaded assembly
- Completed reload, in  1.626 seconds
Domain Reload Profiling:
	ReloadAssembly (1627ms)
		BeginReloadAssembly (211ms)
			ExecutionOrderSort (0ms)
			DisableScriptedObjects (6ms)
			BackupInstance (0ms)
			ReleaseScriptingObjects (0ms)
			CreateAndSetChildDomain (30ms)
		EndReloadAssembly (1346ms)
			LoadAssemblies (323ms)
			RebuildTransferFunctionScriptingTraits (0ms)
			SetupTypeCache (426ms)
			ReleaseScriptCaches (0ms)
			RebuildScriptCaches (53ms)
			SetupLoadedEditorAssemblies (429ms)
				LogAssemblyErrors (0ms)
				InitializePlatformSupportModulesInManaged (5ms)
				SetLoadedEditorAssemblies (0ms)
				RefreshPlugins (54ms)
				BeforeProcessingInitializeOnLoad (63ms)
				ProcessInitializeOnLoadAttributes (266ms)
				ProcessInitializeOnLoadMethodAttributes (31ms)
				AfterProcessingInitializeOnLoad (11ms)
				EditorAssembliesLoaded (0ms)
			ExecutionOrderSort2 (0ms)
			AwakeInstancesAfterBackupRestoration (14ms)
Platform modules already initialized, skipping
========================================================================
Worker process is ready to serve import requests
Launched and connected shader compiler UnityShaderCompiler.exe after 0.12 seconds
Refreshing native plugins compatible for Editor in 1.13 ms, found 3 plugins.
Preloading 0 native plugins for Editor in 0.00 ms.
Unloading 2206 Unused Serialized files (Serialized files now loaded: 0)
System memory in use before: 97.5 MB.
System memory in use after: 97.6 MB.

Unloading 29 unused Assets to reduce memory usage. Loaded Objects now: 2657.
Total: 4.823000 ms (FindLiveObjects: 0.208400 ms CreateObjectMapping: 0.107000 ms MarkObjects: 4.382500 ms  DeleteObjects: 0.124200 ms)

AssetImportParameters requested are different than current active one (requested -> active):
  custom:framework-win-MediaFoundation: 216162199b28c13a410421893ffa2e32 -> 
  custom:video-decoder-ogg-theora: a1e56fd34408186e4bbccfd4996cb3dc -> 
  custom:container-muxer-webm: aa71ff27fc2769a1b78a27578f13a17b -> 
  custom:container-demuxer-webm: 4f35f7cbe854078d1ac9338744f61a02 -> 
  custom:container-demuxer-ogg: 62fdf1f143b41e24485cea50d1cbac27 -> 
  custom:video-encoder-webm-vp8: eb34c28f22e8b96e1ab97ce403110664 -> 
  custom:video-decoder-webm-vp8: 9c59270c3fd7afecdb556c50c9e8de78 -> 
  custom:audio-decoder-ogg-vorbis: bf7c407c2cedff20999df2af8eb42d56 -> 
  custom:audio-encoder-webm-vorbis: bf7c407c2cedff20999df2af8eb42d56 -> 
========================================================================
Received Import Request.
  path: Assets
  artifactKey: Guid(00000000000000001000000000000000) Importer(815301076,1909f56bfc062723c751e8b465ee728b)
Start importing Assets using Guid(00000000000000001000000000000000) Importer(815301076,1909f56bfc062723c751e8b465ee728b)  -> (artifact id: '42d402b061de3733987d63b9cc3b64de') in 0.014011 seconds 
========================================================================
Received Import Request.
  Time since last request: 4.784235 seconds.
  path: Assets/Scenes
  artifactKey: Guid(65bde2df8071e7a498a7ed54b974e123) Importer(815301076,1909f56bfc062723c751e8b465ee728b)
Start importing Assets/Scenes using Guid(65bde2df8071e7a498a7ed54b974e123) Importer(815301076,1909f56bfc062723c751e8b465ee728b)  -> (artifact id: 'b6531ba4294c3d6c6ad66f77909094d4') in 0.017106 seconds 
========================================================================
Received Import Request.
  Time since last request: 73.112428 seconds.
  path: Assets/AHEUIFrameWork
  artifactKey: Guid(ed7350d513f3fb544afacde364c126f2) Importer(815301076,1909f56bfc062723c751e8b465ee728b)
Start importing Assets/AHEUIFrameWork using Guid(ed7350d513f3fb544afacde364c126f2) Importer(815301076,1909f56bfc062723c751e8b465ee728b)  -> (artifact id: '4e6de3502935eae242472d48db839e6f') in 0.014916 seconds 
========================================================================
Received Import Request.
  Time since last request: 7.122665 seconds.
  path: Assets/AHEFrameWork
  artifactKey: Guid(ed7350d513f3fb544afacde364c126f2) Importer(815301076,1909f56bfc062723c751e8b465ee728b)
Start importing Assets/AHEFrameWork using Guid(ed7350d513f3fb544afacde364c126f2) Importer(815301076,1909f56bfc062723c751e8b465ee728b)  -> (artifact id: '1eeaa6136de8621c872dd07ead41ef0b') in 0.019254 seconds 
========================================================================
Received Import Request.
  Time since last request: 5.865018 seconds.
  path: Assets/AHEFramework
  artifactKey: Guid(ed7350d513f3fb544afacde364c126f2) Importer(815301076,1909f56bfc062723c751e8b465ee728b)
Start importing Assets/AHEFramework using Guid(ed7350d513f3fb544afacde364c126f2) Importer(815301076,1909f56bfc062723c751e8b465ee728b)  -> (artifact id: '2356bd6221d6527e5d2fee514597a7d1') in 0.014786 seconds 
========================================================================
Received Import Request.
  Time since last request: 5.998616 seconds.
  path: Assets/AHEFramework/Services
  artifactKey: Guid(c3abb7cd59719cb4594a84bd1cb18f21) Importer(815301076,1909f56bfc062723c751e8b465ee728b)
Start importing Assets/AHEFramework/Services using Guid(c3abb7cd59719cb4594a84bd1cb18f21) Importer(815301076,1909f56bfc062723c751e8b465ee728b)  -> (artifact id: '0a7882e21fe825aee3ce05b079431f5f') in 0.013418 seconds 
========================================================================
Received Import Request.
  Time since last request: 3.535537 seconds.
  path: Assets/AHEFramework/Scripts
  artifactKey: Guid(d735cbe687b895f4d855f0007c090cd8) Importer(815301076,1909f56bfc062723c751e8b465ee728b)
Start importing Assets/AHEFramework/Scripts using Guid(d735cbe687b895f4d855f0007c090cd8) Importer(815301076,1909f56bfc062723c751e8b465ee728b)  -> (artifact id: '1b7936ba0eb669c583bd60cd1458ad73') in 0.016970 seconds 
========================================================================
Received Prepare
Registering precompiled user dll's ...
Registered in 0.003544 seconds.
Begin MonoManager ReloadAssembly
Native extension for WindowsStandalone target not found
Refreshing native plugins compatible for Editor in 0.53 ms, found 3 plugins.
Preloading 0 native plugins for Editor in 0.00 ms.
Mono: successfully reloaded assembly
- Completed reload, in  1.563 seconds
Domain Reload Profiling:
	ReloadAssembly (1564ms)
		BeginReloadAssembly (185ms)
			ExecutionOrderSort (0ms)
			DisableScriptedObjects (13ms)
			BackupInstance (0ms)
			ReleaseScriptingObjects (0ms)
			CreateAndSetChildDomain (54ms)
		EndReloadAssembly (1286ms)
			LoadAssemblies (155ms)
			RebuildTransferFunctionScriptingTraits (0ms)
			SetupTypeCache (525ms)
			ReleaseScriptCaches (1ms)
			RebuildScriptCaches (75ms)
			SetupLoadedEditorAssemblies (394ms)
				LogAssemblyErrors (0ms)
				InitializePlatformSupportModulesInManaged (7ms)
				SetLoadedEditorAssemblies (0ms)
				RefreshPlugins (1ms)
				BeforeProcessingInitializeOnLoad (82ms)
				ProcessInitializeOnLoadAttributes (280ms)
				ProcessInitializeOnLoadMethodAttributes (17ms)
				AfterProcessingInitializeOnLoad (8ms)
				EditorAssembliesLoaded (0ms)
			ExecutionOrderSort2 (0ms)
			AwakeInstancesAfterBackupRestoration (14ms)
Platform modules already initialized, skipping
Refreshing native plugins compatible for Editor in 0.56 ms, found 3 plugins.
Preloading 0 native plugins for Editor in 0.00 ms.
Unloading 2221 Unused Serialized files (Serialized files now loaded: 0)
System memory in use before: 97.5 MB.
System memory in use after: 97.6 MB.

Unloading 18 unused Assets to reduce memory usage. Loaded Objects now: 2684.
Total: 4.457500 ms (FindLiveObjects: 0.174200 ms CreateObjectMapping: 0.084600 ms MarkObjects: 4.158500 ms  DeleteObjects: 0.039100 ms)

AssetImportParameters requested are different than current active one (requested -> active):
  custom:framework-win-MediaFoundation: 216162199b28c13a410421893ffa2e32 -> 
  custom:video-decoder-ogg-theora: a1e56fd34408186e4bbccfd4996cb3dc -> 
  custom:container-muxer-webm: aa71ff27fc2769a1b78a27578f13a17b -> 
  custom:container-demuxer-webm: 4f35f7cbe854078d1ac9338744f61a02 -> 
  custom:container-demuxer-ogg: 62fdf1f143b41e24485cea50d1cbac27 -> 
  custom:video-encoder-webm-vp8: eb34c28f22e8b96e1ab97ce403110664 -> 
  custom:video-decoder-webm-vp8: 9c59270c3fd7afecdb556c50c9e8de78 -> 
  custom:audio-decoder-ogg-vorbis: bf7c407c2cedff20999df2af8eb42d56 -> 
  custom:audio-encoder-webm-vorbis: bf7c407c2cedff20999df2af8eb42d56 -> 
========================================================================
Received Prepare
Registering precompiled user dll's ...
Registered in 0.003908 seconds.
Begin MonoManager ReloadAssembly
Native extension for WindowsStandalone target not found
Refreshing native plugins compatible for Editor in 1.28 ms, found 3 plugins.
Preloading 0 native plugins for Editor in 0.00 ms.
Mono: successfully reloaded assembly
- Completed reload, in  1.517 seconds
Domain Reload Profiling:
	ReloadAssembly (1517ms)
		BeginReloadAssembly (174ms)
			ExecutionOrderSort (0ms)
			DisableScriptedObjects (8ms)
			BackupInstance (0ms)
			ReleaseScriptingObjects (0ms)
			CreateAndSetChildDomain (55ms)
		EndReloadAssembly (1263ms)
			LoadAssemblies (154ms)
			RebuildTransferFunctionScriptingTraits (0ms)
			SetupTypeCache (424ms)
			ReleaseScriptCaches (2ms)
			RebuildScriptCaches (67ms)
			SetupLoadedEditorAssemblies (496ms)
				LogAssemblyErrors (0ms)
				InitializePlatformSupportModulesInManaged (6ms)
				SetLoadedEditorAssemblies (1ms)
				RefreshPlugins (1ms)
				BeforeProcessingInitializeOnLoad (78ms)
				ProcessInitializeOnLoadAttributes (373ms)
				ProcessInitializeOnLoadMethodAttributes (26ms)
				AfterProcessingInitializeOnLoad (10ms)
				EditorAssembliesLoaded (0ms)
			ExecutionOrderSort2 (0ms)
			AwakeInstancesAfterBackupRestoration (20ms)
Platform modules already initialized, skipping
Refreshing native plugins compatible for Editor in 0.54 ms, found 3 plugins.
Preloading 0 native plugins for Editor in 0.00 ms.
Unloading 2221 Unused Serialized files (Serialized files now loaded: 0)
System memory in use before: 97.6 MB.
System memory in use after: 97.7 MB.

Unloading 18 unused Assets to reduce memory usage. Loaded Objects now: 2686.
Total: 3.870500 ms (FindLiveObjects: 0.200800 ms CreateObjectMapping: 0.090100 ms MarkObjects: 3.540900 ms  DeleteObjects: 0.037700 ms)

AssetImportParameters requested are different than current active one (requested -> active):
  custom:framework-win-MediaFoundation: 216162199b28c13a410421893ffa2e32 -> 
  custom:video-decoder-ogg-theora: a1e56fd34408186e4bbccfd4996cb3dc -> 
  custom:container-muxer-webm: aa71ff27fc2769a1b78a27578f13a17b -> 
  custom:container-demuxer-webm: 4f35f7cbe854078d1ac9338744f61a02 -> 
  custom:container-demuxer-ogg: 62fdf1f143b41e24485cea50d1cbac27 -> 
  custom:video-encoder-webm-vp8: eb34c28f22e8b96e1ab97ce403110664 -> 
  custom:video-decoder-webm-vp8: 9c59270c3fd7afecdb556c50c9e8de78 -> 
  custom:audio-decoder-ogg-vorbis: bf7c407c2cedff20999df2af8eb42d56 -> 
  custom:audio-encoder-webm-vorbis: bf7c407c2cedff20999df2af8eb42d56 -> 
========================================================================
Received Import Request.
  Time since last request: 175.832949 seconds.
  path: Assets/AHEFramework/Scripts/Pages
  artifactKey: Guid(7ae0ac943e56c664fbeb513bdaf98a55) Importer(815301076,1909f56bfc062723c751e8b465ee728b)
Start importing Assets/AHEFramework/Scripts/Pages using Guid(7ae0ac943e56c664fbeb513bdaf98a55) Importer(815301076,1909f56bfc062723c751e8b465ee728b)  -> (artifact id: '8ee5860bb680c57e75e82768d3dde47e') in 0.014520 seconds 
========================================================================
Received Import Request.
  Time since last request: 0.000383 seconds.
  path: Assets/AHEFramework/Scripts/Pages/SamplePage.cs
  artifactKey: Guid(1d151ee1f31bc964d96bb831ef13c2af) Importer(815301076,1909f56bfc062723c751e8b465ee728b)
Start importing Assets/AHEFramework/Scripts/Pages/SamplePage.cs using Guid(1d151ee1f31bc964d96bb831ef13c2af) Importer(815301076,1909f56bfc062723c751e8b465ee728b)  -> (artifact id: '0a99a3518f69eedd9a7d874736d9366a') in 0.057130 seconds 
========================================================================
Received Import Request.
  Time since last request: 3.251502 seconds.
  path: Assets/AHEFramework/Scripts/OverlayPages
  artifactKey: Guid(978c749104cb2f04d98afdbd22066abd) Importer(815301076,1909f56bfc062723c751e8b465ee728b)
Start importing Assets/AHEFramework/Scripts/OverlayPages using Guid(978c749104cb2f04d98afdbd22066abd) Importer(815301076,1909f56bfc062723c751e8b465ee728b)  -> (artifact id: 'e8ce6b0c62bd887eaf600e7fcf7a4b40') in 0.014895 seconds 
========================================================================
Received Import Request.
  Time since last request: 0.801271 seconds.
  path: Assets/AHEFramework/Scripts/OverlayPages/SampleOverlayPage.cs
  artifactKey: Guid(218a57de8fd2434488c70de1806440fa) Importer(815301076,1909f56bfc062723c751e8b465ee728b)
Start importing Assets/AHEFramework/Scripts/OverlayPages/SampleOverlayPage.cs using Guid(218a57de8fd2434488c70de1806440fa) Importer(815301076,1909f56bfc062723c751e8b465ee728b)  -> (artifact id: 'e6b37a5b573c1a6331c121852a988b1a') in 0.015733 seconds 
========================================================================
Received Import Request.
  Time since last request: 6.635612 seconds.
  path: Assets/AHEFramework/Scripts/PopUps
  artifactKey: Guid(3ccd868635197d4449ffb017bfbf93b2) Importer(815301076,1909f56bfc062723c751e8b465ee728b)
Start importing Assets/AHEFramework/Scripts/PopUps using Guid(3ccd868635197d4449ffb017bfbf93b2) Importer(815301076,1909f56bfc062723c751e8b465ee728b)  -> (artifact id: 'd5b3c6c78c297ed9da467d3de5fba230') in 0.015680 seconds 
========================================================================
Received Import Request.
  Time since last request: 11.450744 seconds.
  path: Assets/AHEFramework/Scripts/Core
  artifactKey: Guid(6fda9b835613303489f84e26abc3b4d7) Importer(815301076,1909f56bfc062723c751e8b465ee728b)
Start importing Assets/AHEFramework/Scripts/Core using Guid(6fda9b835613303489f84e26abc3b4d7) Importer(815301076,1909f56bfc062723c751e8b465ee728b)  -> (artifact id: '57d0037e882c7dd5b76af4c802c3ac0c') in 0.014988 seconds 
========================================================================
Received Import Request.
  Time since last request: 1.497548 seconds.
  path: Assets/AHEFramework/Scripts/Core/CanvasManager.cs
  artifactKey: Guid(e4a70ead38b1eb044a6337fd44eb463e) Importer(815301076,1909f56bfc062723c751e8b465ee728b)
Start importing Assets/AHEFramework/Scripts/Core/CanvasManager.cs using Guid(e4a70ead38b1eb044a6337fd44eb463e) Importer(815301076,1909f56bfc062723c751e8b465ee728b)  -> (artifact id: '897c4761bd26b349038dfa05135e6b94') in 0.014241 seconds 
========================================================================
Received Import Request.
  Time since last request: 9.385809 seconds.
  path: Assets/AHEFramework/Scripts/Core/CanvasManager.cs
  artifactKey: Guid(e4a70ead38b1eb044a6337fd44eb463e) Importer(815301076,1909f56bfc062723c751e8b465ee728b)
Start importing Assets/AHEFramework/Scripts/Core/CanvasManager.cs using Guid(e4a70ead38b1eb044a6337fd44eb463e) Importer(815301076,1909f56bfc062723c751e8b465ee728b)  -> (artifact id: 'ffe3a36cf5fbd3f1c412cbd00bbba8f4') in 0.004413 seconds 
========================================================================
Received Import Request.
  Time since last request: 10.745643 seconds.
  path: Assets/AHEFramework/Scripts/Core/CanvasManager.cs
  artifactKey: Guid(e4a70ead38b1eb044a6337fd44eb463e) Importer(815301076,1909f56bfc062723c751e8b465ee728b)
Start importing Assets/AHEFramework/Scripts/Core/CanvasManager.cs using Guid(e4a70ead38b1eb044a6337fd44eb463e) Importer(815301076,1909f56bfc062723c751e8b465ee728b)  -> (artifact id: 'f3db9e18335bbbc15c6ab7582e796bba') in 0.003408 seconds 
========================================================================
Received Import Request.
  Time since last request: 2.758636 seconds.
  path: Assets/AHEFramework/Scripts/Core/Config.cs
  artifactKey: Guid(5b909804163923d4da45458e2ff690a4) Importer(815301076,1909f56bfc062723c751e8b465ee728b)
Start importing Assets/AHEFramework/Scripts/Core/Config.cs using Guid(5b909804163923d4da45458e2ff690a4) Importer(815301076,1909f56bfc062723c751e8b465ee728b)  -> (artifact id: 'fe9c741722db322fd7ce7410af031779') in 0.015159 seconds 
========================================================================
Received Import Request.
  Time since last request: 5.299700 seconds.
  path: Assets/AHEFramework/Scripts/Core/BackManager.cs
  artifactKey: Guid(54c91f79324fcea418ff997007017500) Importer(815301076,1909f56bfc062723c751e8b465ee728b)
Start importing Assets/AHEFramework/Scripts/Core/BackManager.cs using Guid(54c91f79324fcea418ff997007017500) Importer(815301076,1909f56bfc062723c751e8b465ee728b)  -> (artifact id: 'b80f6a4bbe0c8b9f7c5258ba1565801f') in 0.012851 seconds 
========================================================================
Received Import Request.
  Time since last request: 4.878523 seconds.
  path: Assets/AHEFramework/Scripts/Core/BackManager.cs
  artifactKey: Guid(54c91f79324fcea418ff997007017500) Importer(815301076,1909f56bfc062723c751e8b465ee728b)
Start importing Assets/AHEFramework/Scripts/Core/BackManager.cs using Guid(54c91f79324fcea418ff997007017500) Importer(815301076,1909f56bfc062723c751e8b465ee728b)  -> (artifact id: '9bac92d47ebd6703d4b3fce4b1bf93b6') in 0.010918 seconds 
========================================================================
Received Import Request.
  Time since last request: 5.102746 seconds.
  path: Assets/AHEFramework/Scripts/Core/MonoBehaviourBase.cs
  artifactKey: Guid(3a6170c9398cdac41b7eb811c48fc3bd) Importer(815301076,1909f56bfc062723c751e8b465ee728b)
Start importing Assets/AHEFramework/Scripts/Core/MonoBehaviourBase.cs using Guid(3a6170c9398cdac41b7eb811c48fc3bd) Importer(815301076,1909f56bfc062723c751e8b465ee728b)  -> (artifact id: '8a9077a37f2da5ce225a4defd27e30cd') in 0.016666 seconds 
========================================================================
Received Import Request.
  Time since last request: 3.747524 seconds.
  path: Assets/AHEFramework/Scripts/Core/MonoBehaviourBase.cs
  artifactKey: Guid(3a6170c9398cdac41b7eb811c48fc3bd) Importer(815301076,1909f56bfc062723c751e8b465ee728b)
Start importing Assets/AHEFramework/Scripts/Core/MonoBehaviourBase.cs using Guid(3a6170c9398cdac41b7eb811c48fc3bd) Importer(815301076,1909f56bfc062723c751e8b465ee728b)  -> (artifact id: '7643b6a15644900bbf66b841a279a4c1') in 0.004431 seconds 
========================================================================
Received Import Request.
  Time since last request: 3.408500 seconds.
  path: Assets/AHEFramework/Scripts/Core/MonoBehaviourTemplate.cs
  artifactKey: Guid(bc4631bccf2c43343adce265f88b16ac) Importer(815301076,1909f56bfc062723c751e8b465ee728b)
Start importing Assets/AHEFramework/Scripts/Core/MonoBehaviourTemplate.cs using Guid(bc4631bccf2c43343adce265f88b16ac) Importer(815301076,1909f56bfc062723c751e8b465ee728b)  -> (artifact id: '250504fb68ce6add5a82228f8e5006c6') in 0.013390 seconds 
========================================================================
Received Import Request.
  Time since last request: 3.419560 seconds.
  path: Assets/AHEFramework/Scripts/Core/MonoBehaviourTemplate.cs
  artifactKey: Guid(bc4631bccf2c43343adce265f88b16ac) Importer(815301076,1909f56bfc062723c751e8b465ee728b)
Start importing Assets/AHEFramework/Scripts/Core/MonoBehaviourTemplate.cs using Guid(bc4631bccf2c43343adce265f88b16ac) Importer(815301076,1909f56bfc062723c751e8b465ee728b)  -> (artifact id: 'ca7bccd97b71b7fe7fb1f3e03ac1df5a') in 0.003760 seconds 
========================================================================
Received Import Request.
  Time since last request: 6.615260 seconds.
  path: Assets/AHEFramework/Scripts/Core/Config.cs
  artifactKey: Guid(5b909804163923d4da45458e2ff690a4) Importer(815301076,1909f56bfc062723c751e8b465ee728b)
Start importing Assets/AHEFramework/Scripts/Core/Config.cs using Guid(5b909804163923d4da45458e2ff690a4) Importer(815301076,1909f56bfc062723c751e8b465ee728b)  -> (artifact id: '74478303c5b28902330d6b5b16ab9f8f') in 0.003892 seconds 
========================================================================
Received Import Request.
  Time since last request: 2.544584 seconds.
  path: Assets/AHEFramework/Scripts/Core/ConfigPages.cs
  artifactKey: Guid(e5eebb52e30b91b4c90c27017df900e3) Importer(815301076,1909f56bfc062723c751e8b465ee728b)
Start importing Assets/AHEFramework/Scripts/Core/ConfigPages.cs using Guid(e5eebb52e30b91b4c90c27017df900e3) Importer(815301076,1909f56bfc062723c751e8b465ee728b)  -> (artifact id: '79a037af5f3247c2c6e8c70c938fa3cb') in 0.018526 seconds 
========================================================================
Received Import Request.
  Time since last request: 3.743197 seconds.
  path: Assets/AHEFramework/Scripts/Core/ConfigPages.cs
  artifactKey: Guid(e5eebb52e30b91b4c90c27017df900e3) Importer(815301076,1909f56bfc062723c751e8b465ee728b)
Start importing Assets/AHEFramework/Scripts/Core/ConfigPages.cs using Guid(e5eebb52e30b91b4c90c27017df900e3) Importer(815301076,1909f56bfc062723c751e8b465ee728b)  -> (artifact id: 'fe8b8901e864d8d2cb9fe92175b7bbe2') in 0.004710 seconds 
========================================================================
Received Prepare
Registering precompiled user dll's ...
Registered in 0.005673 seconds.
Begin MonoManager ReloadAssembly
Native extension for WindowsStandalone target not found
Refreshing native plugins compatible for Editor in 0.51 ms, found 3 plugins.
Preloading 0 native plugins for Editor in 0.00 ms.
Mono: successfully reloaded assembly
- Completed reload, in  1.410 seconds
Domain Reload Profiling:
	ReloadAssembly (1411ms)
		BeginReloadAssembly (169ms)
			ExecutionOrderSort (0ms)
			DisableScriptedObjects (11ms)
			BackupInstance (0ms)
			ReleaseScriptingObjects (0ms)
			CreateAndSetChildDomain (58ms)
		EndReloadAssembly (1142ms)
			LoadAssemblies (145ms)
			RebuildTransferFunctionScriptingTraits (0ms)
			SetupTypeCache (435ms)
			ReleaseScriptCaches (1ms)
			RebuildScriptCaches (61ms)
			SetupLoadedEditorAssemblies (379ms)
				LogAssemblyErrors (0ms)
				InitializePlatformSupportModulesInManaged (6ms)
				SetLoadedEditorAssemblies (0ms)
				RefreshPlugins (1ms)
				BeforeProcessingInitializeOnLoad (70ms)
				ProcessInitializeOnLoadAttributes (275ms)
				ProcessInitializeOnLoadMethodAttributes (19ms)
				AfterProcessingInitializeOnLoad (7ms)
				EditorAssembliesLoaded (0ms)
			ExecutionOrderSort2 (0ms)
			AwakeInstancesAfterBackupRestoration (15ms)
Platform modules already initialized, skipping
Refreshing native plugins compatible for Editor in 0.70 ms, found 3 plugins.
Preloading 0 native plugins for Editor in 0.00 ms.
Unloading 2221 Unused Serialized files (Serialized files now loaded: 0)
System memory in use before: 97.6 MB.
System memory in use after: 97.7 MB.

Unloading 18 unused Assets to reduce memory usage. Loaded Objects now: 2688.
Total: 4.679100 ms (FindLiveObjects: 0.342100 ms CreateObjectMapping: 0.133800 ms MarkObjects: 4.132500 ms  DeleteObjects: 0.069700 ms)

AssetImportParameters requested are different than current active one (requested -> active):
  custom:framework-win-MediaFoundation: 216162199b28c13a410421893ffa2e32 -> 
  custom:video-decoder-ogg-theora: a1e56fd34408186e4bbccfd4996cb3dc -> 
  custom:container-muxer-webm: aa71ff27fc2769a1b78a27578f13a17b -> 
  custom:container-demuxer-webm: 4f35f7cbe854078d1ac9338744f61a02 -> 
  custom:container-demuxer-ogg: 62fdf1f143b41e24485cea50d1cbac27 -> 
  custom:video-encoder-webm-vp8: eb34c28f22e8b96e1ab97ce403110664 -> 
  custom:video-decoder-webm-vp8: 9c59270c3fd7afecdb556c50c9e8de78 -> 
  custom:audio-decoder-ogg-vorbis: bf7c407c2cedff20999df2af8eb42d56 -> 
  custom:audio-encoder-webm-vorbis: bf7c407c2cedff20999df2af8eb42d56 -> 
========================================================================
Received Import Request.
  Time since last request: 1553.493585 seconds.
  path: Assets/AHEFramework/Scripts/Core/MonoBehaviourTemplate.cs
  artifactKey: Guid(bc4631bccf2c43343adce265f88b16ac) Importer(815301076,1909f56bfc062723c751e8b465ee728b)
Start importing Assets/AHEFramework/Scripts/Core/MonoBehaviourTemplate.cs using Guid(bc4631bccf2c43343adce265f88b16ac) Importer(815301076,1909f56bfc062723c751e8b465ee728b)  -> (artifact id: 'e4c16c4416b4351ba689a47d7f4d1b26') in 0.011932 seconds 
========================================================================
Received Import Request.
  Time since last request: 4.474895 seconds.
  path: Assets/AHEFramework/Scripts/Core/MonoBehaviourTemplate.cs
  artifactKey: Guid(bc4631bccf2c43343adce265f88b16ac) Importer(815301076,1909f56bfc062723c751e8b465ee728b)
Start importing Assets/AHEFramework/Scripts/Core/MonoBehaviourTemplate.cs using Guid(bc4631bccf2c43343adce265f88b16ac) Importer(815301076,1909f56bfc062723c751e8b465ee728b)  -> (artifact id: 'c3da1777b7bd95c401b8d99bf2135339') in 0.005177 seconds 
========================================================================
Received Prepare
Registering precompiled user dll's ...
Registered in 0.004041 seconds.
Begin MonoManager ReloadAssembly
Native extension for WindowsStandalone target not found
Refreshing native plugins compatible for Editor in 0.53 ms, found 3 plugins.
Preloading 0 native plugins for Editor in 0.00 ms.
Mono: successfully reloaded assembly
- Completed reload, in  1.379 seconds
Domain Reload Profiling:
	ReloadAssembly (1380ms)
		BeginReloadAssembly (178ms)
			ExecutionOrderSort (0ms)
			DisableScriptedObjects (9ms)
			BackupInstance (0ms)
			ReleaseScriptingObjects (0ms)
			CreateAndSetChildDomain (63ms)
		EndReloadAssembly (1109ms)
			LoadAssemblies (153ms)
			RebuildTransferFunctionScriptingTraits (0ms)
			SetupTypeCache (407ms)
			ReleaseScriptCaches (2ms)
			RebuildScriptCaches (59ms)
			SetupLoadedEditorAssemblies (367ms)
				LogAssemblyErrors (0ms)
				InitializePlatformSupportModulesInManaged (6ms)
				SetLoadedEditorAssemblies (0ms)
				RefreshPlugins (1ms)
				BeforeProcessingInitializeOnLoad (70ms)
				ProcessInitializeOnLoadAttributes (264ms)
				ProcessInitializeOnLoadMethodAttributes (17ms)
				AfterProcessingInitializeOnLoad (9ms)
				EditorAssembliesLoaded (0ms)
			ExecutionOrderSort2 (0ms)
			AwakeInstancesAfterBackupRestoration (17ms)
Platform modules already initialized, skipping
Refreshing native plugins compatible for Editor in 0.61 ms, found 3 plugins.
Preloading 0 native plugins for Editor in 0.00 ms.
Unloading 2221 Unused Serialized files (Serialized files now loaded: 0)
System memory in use before: 97.7 MB.
System memory in use after: 97.8 MB.

Unloading 18 unused Assets to reduce memory usage. Loaded Objects now: 2690.
Total: 5.411800 ms (FindLiveObjects: 0.244100 ms CreateObjectMapping: 0.115500 ms MarkObjects: 5.021100 ms  DeleteObjects: 0.029600 ms)

AssetImportParameters requested are different than current active one (requested -> active):
  custom:framework-win-MediaFoundation: 216162199b28c13a410421893ffa2e32 -> 
  custom:video-decoder-ogg-theora: a1e56fd34408186e4bbccfd4996cb3dc -> 
  custom:container-muxer-webm: aa71ff27fc2769a1b78a27578f13a17b -> 
  custom:container-demuxer-webm: 4f35f7cbe854078d1ac9338744f61a02 -> 
  custom:container-demuxer-ogg: 62fdf1f143b41e24485cea50d1cbac27 -> 
  custom:video-encoder-webm-vp8: eb34c28f22e8b96e1ab97ce403110664 -> 
  custom:video-decoder-webm-vp8: 9c59270c3fd7afecdb556c50c9e8de78 -> 
  custom:audio-decoder-ogg-vorbis: bf7c407c2cedff20999df2af8eb42d56 -> 
  custom:audio-encoder-webm-vorbis: bf7c407c2cedff20999df2af8eb42d56 -> 
========================================================================
Received Import Request.
  Time since last request: 34.419242 seconds.
  path: Assets/AHEFramework/Scripts/Core/MonoBehaviourBase.cs
  artifactKey: Guid(3a6170c9398cdac41b7eb811c48fc3bd) Importer(815301076,1909f56bfc062723c751e8b465ee728b)
Start importing Assets/AHEFramework/Scripts/Core/MonoBehaviourBase.cs using Guid(3a6170c9398cdac41b7eb811c48fc3bd) Importer(815301076,1909f56bfc062723c751e8b465ee728b)  -> (artifact id: '5df2eb474ab613fa6cdc21b59d5e0475') in 0.008551 seconds 
========================================================================
Received Import Request.
  Time since last request: 22.098071 seconds.
  path: Assets/AHEFramework/Scripts/Core/ConfigViews.cs
  artifactKey: Guid(e5eebb52e30b91b4c90c27017df900e3) Importer(815301076,1909f56bfc062723c751e8b465ee728b)
Start importing Assets/AHEFramework/Scripts/Core/ConfigViews.cs using Guid(e5eebb52e30b91b4c90c27017df900e3) Importer(815301076,1909f56bfc062723c751e8b465ee728b)  -> (artifact id: '506ae3bf3fbeba6f13fadfadb224b392') in 0.012337 seconds 
========================================================================
Received Import Request.
  Time since last request: 39.656352 seconds.
  path: Assets/AHEFramework/Scripts/Core/ConfigViews.cs
  artifactKey: Guid(e5eebb52e30b91b4c90c27017df900e3) Importer(815301076,1909f56bfc062723c751e8b465ee728b)
Start importing Assets/AHEFramework/Scripts/Core/ConfigViews.cs using Guid(e5eebb52e30b91b4c90c27017df900e3) Importer(815301076,1909f56bfc062723c751e8b465ee728b)  -> (artifact id: '0a80b147841d13cb0fd6a07f96bc69c3') in 0.004798 seconds 
========================================================================
Received Import Request.
  Time since last request: 31.671769 seconds.
  path: Assets/AHEFramework/Scripts/Core/ConfigViews.cs
  artifactKey: Guid(e5eebb52e30b91b4c90c27017df900e3) Importer(815301076,1909f56bfc062723c751e8b465ee728b)
Start importing Assets/AHEFramework/Scripts/Core/ConfigViews.cs using Guid(e5eebb52e30b91b4c90c27017df900e3) Importer(815301076,1909f56bfc062723c751e8b465ee728b)  -> (artifact id: '567bee3a8132f1f677722c32d1a5d859') in 0.004511 seconds 
========================================================================
Received Prepare
Registering precompiled user dll's ...
Registered in 0.004376 seconds.
Begin MonoManager ReloadAssembly
Native extension for WindowsStandalone target not found
Refreshing native plugins compatible for Editor in 0.98 ms, found 3 plugins.
Preloading 0 native plugins for Editor in 0.00 ms.
Mono: successfully reloaded assembly
- Completed reload, in  1.412 seconds
Domain Reload Profiling:
	ReloadAssembly (1413ms)
		BeginReloadAssembly (174ms)
			ExecutionOrderSort (0ms)
			DisableScriptedObjects (9ms)
			BackupInstance (0ms)
			ReleaseScriptingObjects (0ms)
			CreateAndSetChildDomain (56ms)
		EndReloadAssembly (1143ms)
			LoadAssemblies (140ms)
			RebuildTransferFunctionScriptingTraits (0ms)
			SetupTypeCache (395ms)
			ReleaseScriptCaches (1ms)
			RebuildScriptCaches (67ms)
			SetupLoadedEditorAssemblies (397ms)
				LogAssemblyErrors (0ms)
				InitializePlatformSupportModulesInManaged (9ms)
				SetLoadedEditorAssemblies (1ms)
				RefreshPlugins (1ms)
				BeforeProcessingInitializeOnLoad (69ms)
				ProcessInitializeOnLoadAttributes (296ms)
				ProcessInitializeOnLoadMethodAttributes (16ms)
				AfterProcessingInitializeOnLoad (6ms)
				EditorAssembliesLoaded (0ms)
			ExecutionOrderSort2 (0ms)
			AwakeInstancesAfterBackupRestoration (14ms)
Platform modules already initialized, skipping
Refreshing native plugins compatible for Editor in 0.54 ms, found 3 plugins.
Preloading 0 native plugins for Editor in 0.00 ms.
Unloading 2221 Unused Serialized files (Serialized files now loaded: 0)
System memory in use before: 97.7 MB.
System memory in use after: 97.8 MB.

Unloading 18 unused Assets to reduce memory usage. Loaded Objects now: 2692.
Total: 5.437900 ms (FindLiveObjects: 0.299800 ms CreateObjectMapping: 0.147700 ms MarkObjects: 4.928800 ms  DeleteObjects: 0.060300 ms)

AssetImportParameters requested are different than current active one (requested -> active):
  custom:framework-win-MediaFoundation: 216162199b28c13a410421893ffa2e32 -> 
  custom:video-decoder-ogg-theora: a1e56fd34408186e4bbccfd4996cb3dc -> 
  custom:container-muxer-webm: aa71ff27fc2769a1b78a27578f13a17b -> 
  custom:container-demuxer-webm: 4f35f7cbe854078d1ac9338744f61a02 -> 
  custom:container-demuxer-ogg: 62fdf1f143b41e24485cea50d1cbac27 -> 
  custom:video-encoder-webm-vp8: eb34c28f22e8b96e1ab97ce403110664 -> 
  custom:video-decoder-webm-vp8: 9c59270c3fd7afecdb556c50c9e8de78 -> 
  custom:audio-decoder-ogg-vorbis: bf7c407c2cedff20999df2af8eb42d56 -> 
  custom:audio-encoder-webm-vorbis: bf7c407c2cedff20999df2af8eb42d56 -> 
========================================================================
Received Import Request.
  Time since last request: 1258.962453 seconds.
  path: Assets/AHEFramework/Scripts/Core/ViewBase.cs
  artifactKey: Guid(3a6170c9398cdac41b7eb811c48fc3bd) Importer(815301076,1909f56bfc062723c751e8b465ee728b)
Start importing Assets/AHEFramework/Scripts/Core/ViewBase.cs using Guid(3a6170c9398cdac41b7eb811c48fc3bd) Importer(815301076,1909f56bfc062723c751e8b465ee728b)  -> (artifact id: 'dfc6de0301453e68373f0f580a2000a1') in 0.022800 seconds 
========================================================================
Received Import Request.
  Time since last request: 1.926930 seconds.
  path: Assets/AHEFramework/Scripts/Core/MonoBehaviourTemplate.cs
  artifactKey: Guid(bc4631bccf2c43343adce265f88b16ac) Importer(815301076,1909f56bfc062723c751e8b465ee728b)
Start importing Assets/AHEFramework/Scripts/Core/MonoBehaviourTemplate.cs using Guid(bc4631bccf2c43343adce265f88b16ac) Importer(815301076,1909f56bfc062723c751e8b465ee728b)  -> (artifact id: '4c896a9e4d2df7ee5dc0050512fe234a') in 0.007549 seconds 
========================================================================
Received Prepare
Registering precompiled user dll's ...
Registered in 0.006953 seconds.
Begin MonoManager ReloadAssembly
Native extension for WindowsStandalone target not found
Refreshing native plugins compatible for Editor in 0.69 ms, found 3 plugins.
Preloading 0 native plugins for Editor in 0.00 ms.
Mono: successfully reloaded assembly
- Completed reload, in  1.443 seconds
Domain Reload Profiling:
	ReloadAssembly (1443ms)
		BeginReloadAssembly (177ms)
			ExecutionOrderSort (0ms)
			DisableScriptedObjects (11ms)
			BackupInstance (0ms)
			ReleaseScriptingObjects (0ms)
			CreateAndSetChildDomain (55ms)
		EndReloadAssembly (1165ms)
			LoadAssemblies (153ms)
			RebuildTransferFunctionScriptingTraits (0ms)
			SetupTypeCache (444ms)
			ReleaseScriptCaches (2ms)
			RebuildScriptCaches (75ms)
			SetupLoadedEditorAssemblies (358ms)
				LogAssemblyErrors (0ms)
				InitializePlatformSupportModulesInManaged (7ms)
				SetLoadedEditorAssemblies (1ms)
				RefreshPlugins (1ms)
				BeforeProcessingInitializeOnLoad (74ms)
				ProcessInitializeOnLoadAttributes (252ms)
				ProcessInitializeOnLoadMethodAttributes (16ms)
				AfterProcessingInitializeOnLoad (6ms)
				EditorAssembliesLoaded (0ms)
			ExecutionOrderSort2 (0ms)
			AwakeInstancesAfterBackupRestoration (14ms)
Platform modules already initialized, skipping
Refreshing native plugins compatible for Editor in 0.58 ms, found 3 plugins.
Preloading 0 native plugins for Editor in 0.00 ms.
Unloading 2221 Unused Serialized files (Serialized files now loaded: 0)
System memory in use before: 97.7 MB.
System memory in use after: 97.8 MB.

Unloading 18 unused Assets to reduce memory usage. Loaded Objects now: 2694.
Total: 4.786500 ms (FindLiveObjects: 0.200200 ms CreateObjectMapping: 0.095500 ms MarkObjects: 4.420900 ms  DeleteObjects: 0.068600 ms)

AssetImportParameters requested are different than current active one (requested -> active):
  custom:framework-win-MediaFoundation: 216162199b28c13a410421893ffa2e32 -> 
  custom:video-decoder-ogg-theora: a1e56fd34408186e4bbccfd4996cb3dc -> 
  custom:container-muxer-webm: aa71ff27fc2769a1b78a27578f13a17b -> 
  custom:container-demuxer-webm: 4f35f7cbe854078d1ac9338744f61a02 -> 
  custom:container-demuxer-ogg: 62fdf1f143b41e24485cea50d1cbac27 -> 
  custom:video-encoder-webm-vp8: eb34c28f22e8b96e1ab97ce403110664 -> 
  custom:video-decoder-webm-vp8: 9c59270c3fd7afecdb556c50c9e8de78 -> 
  custom:audio-decoder-ogg-vorbis: bf7c407c2cedff20999df2af8eb42d56 -> 
  custom:audio-encoder-webm-vorbis: bf7c407c2cedff20999df2af8eb42d56 -> 
========================================================================
Received Import Request.
  Time since last request: 20.208425 seconds.
  path: Assets/AHEFramework/Scripts/Core/View.cs
  artifactKey: Guid(bc4631bccf2c43343adce265f88b16ac) Importer(815301076,1909f56bfc062723c751e8b465ee728b)
Start importing Assets/AHEFramework/Scripts/Core/View.cs using Guid(bc4631bccf2c43343adce265f88b16ac) Importer(815301076,1909f56bfc062723c751e8b465ee728b)  -> (artifact id: 'b600b6e4b1da2085be1607b4772bebf9') in 0.020169 seconds 
========================================================================
Received Prepare
Registering precompiled user dll's ...
Registered in 0.003841 seconds.
Begin MonoManager ReloadAssembly
Native extension for WindowsStandalone target not found
Refreshing native plugins compatible for Editor in 0.53 ms, found 3 plugins.
Preloading 0 native plugins for Editor in 0.00 ms.
Mono: successfully reloaded assembly
- Completed reload, in  1.344 seconds
Domain Reload Profiling:
	ReloadAssembly (1344ms)
		BeginReloadAssembly (169ms)
			ExecutionOrderSort (0ms)
			DisableScriptedObjects (8ms)
			BackupInstance (0ms)
			ReleaseScriptingObjects (0ms)
			CreateAndSetChildDomain (56ms)
		EndReloadAssembly (1093ms)
			LoadAssemblies (125ms)
			RebuildTransferFunctionScriptingTraits (0ms)
			SetupTypeCache (390ms)
			ReleaseScriptCaches (1ms)
			RebuildScriptCaches (57ms)
			SetupLoadedEditorAssemblies (391ms)
				LogAssemblyErrors (0ms)
				InitializePlatformSupportModulesInManaged (6ms)
				SetLoadedEditorAssemblies (0ms)
				RefreshPlugins (1ms)
				BeforeProcessingInitializeOnLoad (69ms)
				ProcessInitializeOnLoadAttributes (289ms)
				ProcessInitializeOnLoadMethodAttributes (18ms)
				AfterProcessingInitializeOnLoad (8ms)
				EditorAssembliesLoaded (0ms)
			ExecutionOrderSort2 (0ms)
			AwakeInstancesAfterBackupRestoration (14ms)
Platform modules already initialized, skipping
Refreshing native plugins compatible for Editor in 0.54 ms, found 3 plugins.
Preloading 0 native plugins for Editor in 0.00 ms.
Unloading 2221 Unused Serialized files (Serialized files now loaded: 0)
System memory in use before: 97.6 MB.
System memory in use after: 97.8 MB.

Unloading 18 unused Assets to reduce memory usage. Loaded Objects now: 2696.
Total: 5.007700 ms (FindLiveObjects: 0.199000 ms CreateObjectMapping: 0.157800 ms MarkObjects: 4.612700 ms  DeleteObjects: 0.037100 ms)

AssetImportParameters requested are different than current active one (requested -> active):
  custom:framework-win-MediaFoundation: 216162199b28c13a410421893ffa2e32 -> 
  custom:video-decoder-ogg-theora: a1e56fd34408186e4bbccfd4996cb3dc -> 
  custom:container-muxer-webm: aa71ff27fc2769a1b78a27578f13a17b -> 
  custom:container-demuxer-webm: 4f35f7cbe854078d1ac9338744f61a02 -> 
  custom:container-demuxer-ogg: 62fdf1f143b41e24485cea50d1cbac27 -> 
  custom:video-encoder-webm-vp8: eb34c28f22e8b96e1ab97ce403110664 -> 
  custom:video-decoder-webm-vp8: 9c59270c3fd7afecdb556c50c9e8de78 -> 
  custom:audio-decoder-ogg-vorbis: bf7c407c2cedff20999df2af8eb42d56 -> 
  custom:audio-encoder-webm-vorbis: bf7c407c2cedff20999df2af8eb42d56 -> 
========================================================================
Received Import Request.
  Time since last request: 59.112986 seconds.
  path: Assets/AHEFramework/Scripts/Core/Config.asset
  artifactKey: Guid(bc08daae84030254c9ee63ca52f8026c) Importer(815301076,1909f56bfc062723c751e8b465ee728b)
Start importing Assets/AHEFramework/Scripts/Core/Config.asset using Guid(bc08daae84030254c9ee63ca52f8026c) Importer(815301076,1909f56bfc062723c751e8b465ee728b)  -> (artifact id: '5d55540e73ac9a9aeb138be54b2b96db') in 0.035070 seconds 
========================================================================
Received Import Request.
  Time since last request: 8405.455127 seconds.
  path: Assets/AHEFramework/Scripts/Utility
  artifactKey: Guid(0bfd9fc2458d8c943a853315a02824ae) Importer(815301076,1909f56bfc062723c751e8b465ee728b)
Start importing Assets/AHEFramework/Scripts/Utility using Guid(0bfd9fc2458d8c943a853315a02824ae) Importer(815301076,1909f56bfc062723c751e8b465ee728b)  -> (artifact id: '33d62e67bf2aef4c5d675888718af239') in 0.017743 seconds 
========================================================================
Received Import Request.
  Time since last request: 36469.526831 seconds.
  path: Assets/AHEFramework/Scripts/OverlayPopUps
  artifactKey: Guid(0b271246fbcd23442b6f68b538fd5f4a) Importer(815301076,1909f56bfc062723c751e8b465ee728b)
Start importing Assets/AHEFramework/Scripts/OverlayPopUps using Guid(0b271246fbcd23442b6f68b538fd5f4a) Importer(815301076,1909f56bfc062723c751e8b465ee728b)  -> (artifact id: '2dd4e58c7c2e459d9daf67e9a86805f8') in 0.018542 seconds 
========================================================================
Received Import Request.
  Time since last request: 7.217486 seconds.
  path: Assets/AHEFramework/Scripts/Samples
  artifactKey: Guid(d4ac54cc2482a9f4bbfdd6792f683bed) Importer(815301076,1909f56bfc062723c751e8b465ee728b)
Start importing Assets/AHEFramework/Scripts/Samples using Guid(d4ac54cc2482a9f4bbfdd6792f683bed) Importer(815301076,1909f56bfc062723c751e8b465ee728b)  -> (artifact id: 'd814a7c09a7fa4f814cd762dc8206d73') in 0.016396 seconds 
========================================================================
Received Import Request.
  Time since last request: 3.828726 seconds.
  path: Assets/AHEFramework/Scripts/Helpers
  artifactKey: Guid(64eef3f0eee315c4ca1f56e59806ea75) Importer(815301076,1909f56bfc062723c751e8b465ee728b)
Start importing Assets/AHEFramework/Scripts/Helpers using Guid(64eef3f0eee315c4ca1f56e59806ea75) Importer(815301076,1909f56bfc062723c751e8b465ee728b)  -> (artifact id: '7fb12a609baeb13f16fbac8fa57af9dc') in 0.015406 seconds 
========================================================================
Received Import Request.
  Time since last request: 9.835719 seconds.
  path: Assets/AHEFramework/Scripts/ViewCore
  artifactKey: Guid(6fda9b835613303489f84e26abc3b4d7) Importer(815301076,1909f56bfc062723c751e8b465ee728b)
Start importing Assets/AHEFramework/Scripts/ViewCore using Guid(6fda9b835613303489f84e26abc3b4d7) Importer(815301076,1909f56bfc062723c751e8b465ee728b)  -> (artifact id: 'cd49b44783b67f6a2a68597dd82e8c46') in 0.016763 seconds 
========================================================================
Received Prepare
Registering precompiled user dll's ...
Registered in 0.372881 seconds.
Begin MonoManager ReloadAssembly
Native extension for WindowsStandalone target not found
Refreshing native plugins compatible for Editor in 0.64 ms, found 3 plugins.
Preloading 0 native plugins for Editor in 0.00 ms.
Mono: successfully reloaded assembly
- Completed reload, in  1.766 seconds
Domain Reload Profiling:
	ReloadAssembly (1767ms)
		BeginReloadAssembly (343ms)
			ExecutionOrderSort (0ms)
			DisableScriptedObjects (18ms)
			BackupInstance (0ms)
			ReleaseScriptingObjects (0ms)
			CreateAndSetChildDomain (163ms)
		EndReloadAssembly (1343ms)
			LoadAssemblies (163ms)
			RebuildTransferFunctionScriptingTraits (0ms)
			SetupTypeCache (439ms)
			ReleaseScriptCaches (2ms)
			RebuildScriptCaches (67ms)
			SetupLoadedEditorAssemblies (566ms)
				LogAssemblyErrors (0ms)
				InitializePlatformSupportModulesInManaged (6ms)
				SetLoadedEditorAssemblies (1ms)
				RefreshPlugins (1ms)
				BeforeProcessingInitializeOnLoad (69ms)
				ProcessInitializeOnLoadAttributes (462ms)
				ProcessInitializeOnLoadMethodAttributes (21ms)
				AfterProcessingInitializeOnLoad (7ms)
				EditorAssembliesLoaded (0ms)
			ExecutionOrderSort2 (0ms)
			AwakeInstancesAfterBackupRestoration (16ms)
Platform modules already initialized, skipping
Refreshing native plugins compatible for Editor in 0.61 ms, found 3 plugins.
Preloading 0 native plugins for Editor in 0.00 ms.
Unloading 2221 Unused Serialized files (Serialized files now loaded: 0)
System memory in use before: 97.8 MB.
System memory in use after: 98.0 MB.

Unloading 18 unused Assets to reduce memory usage. Loaded Objects now: 2698.
Total: 4.271800 ms (FindLiveObjects: 0.209300 ms CreateObjectMapping: 0.092400 ms MarkObjects: 3.901600 ms  DeleteObjects: 0.067500 ms)

AssetImportParameters requested are different than current active one (requested -> active):
  custom:framework-win-MediaFoundation: 216162199b28c13a410421893ffa2e32 -> 
  custom:video-decoder-ogg-theora: a1e56fd34408186e4bbccfd4996cb3dc -> 
  custom:container-muxer-webm: aa71ff27fc2769a1b78a27578f13a17b -> 
  custom:container-demuxer-webm: 4f35f7cbe854078d1ac9338744f61a02 -> 
  custom:container-demuxer-ogg: 62fdf1f143b41e24485cea50d1cbac27 -> 
  custom:video-encoder-webm-vp8: eb34c28f22e8b96e1ab97ce403110664 -> 
  custom:video-decoder-webm-vp8: 9c59270c3fd7afecdb556c50c9e8de78 -> 
  custom:audio-decoder-ogg-vorbis: bf7c407c2cedff20999df2af8eb42d56 -> 
  custom:audio-encoder-webm-vorbis: bf7c407c2cedff20999df2af8eb42d56 -> 
========================================================================
Received Prepare
Registering precompiled user dll's ...
Registered in 0.003248 seconds.
Begin MonoManager ReloadAssembly
Native extension for WindowsStandalone target not found
Refreshing native plugins compatible for Editor in 0.55 ms, found 3 plugins.
Preloading 0 native plugins for Editor in 0.00 ms.
Mono: successfully reloaded assembly
- Completed reload, in  1.306 seconds
Domain Reload Profiling:
	ReloadAssembly (1306ms)
		BeginReloadAssembly (154ms)
			ExecutionOrderSort (0ms)
			DisableScriptedObjects (11ms)
			BackupInstance (0ms)
			ReleaseScriptingObjects (0ms)
			CreateAndSetChildDomain (42ms)
		EndReloadAssembly (1073ms)
			LoadAssemblies (128ms)
			RebuildTransferFunctionScriptingTraits (0ms)
			SetupTypeCache (374ms)
			ReleaseScriptCaches (2ms)
			RebuildScriptCaches (70ms)
			SetupLoadedEditorAssemblies (372ms)
				LogAssemblyErrors (0ms)
				InitializePlatformSupportModulesInManaged (6ms)
				SetLoadedEditorAssemblies (0ms)
				RefreshPlugins (1ms)
				BeforeProcessingInitializeOnLoad (80ms)
				ProcessInitializeOnLoadAttributes (261ms)
				ProcessInitializeOnLoadMethodAttributes (16ms)
				AfterProcessingInitializeOnLoad (6ms)
				EditorAssembliesLoaded (0ms)
			ExecutionOrderSort2 (0ms)
			AwakeInstancesAfterBackupRestoration (14ms)
Platform modules already initialized, skipping
Refreshing native plugins compatible for Editor in 0.67 ms, found 3 plugins.
Preloading 0 native plugins for Editor in 0.00 ms.
Unloading 2221 Unused Serialized files (Serialized files now loaded: 0)
System memory in use before: 97.8 MB.
System memory in use after: 98.0 MB.

Unloading 18 unused Assets to reduce memory usage. Loaded Objects now: 2700.
Total: 4.548800 ms (FindLiveObjects: 0.197900 ms CreateObjectMapping: 0.109500 ms MarkObjects: 4.201300 ms  DeleteObjects: 0.035400 ms)

AssetImportParameters requested are different than current active one (requested -> active):
  custom:framework-win-MediaFoundation: 216162199b28c13a410421893ffa2e32 -> 
  custom:video-decoder-ogg-theora: a1e56fd34408186e4bbccfd4996cb3dc -> 
  custom:container-muxer-webm: aa71ff27fc2769a1b78a27578f13a17b -> 
  custom:container-demuxer-webm: 4f35f7cbe854078d1ac9338744f61a02 -> 
  custom:container-demuxer-ogg: 62fdf1f143b41e24485cea50d1cbac27 -> 
  custom:video-encoder-webm-vp8: eb34c28f22e8b96e1ab97ce403110664 -> 
  custom:video-decoder-webm-vp8: 9c59270c3fd7afecdb556c50c9e8de78 -> 
  custom:audio-decoder-ogg-vorbis: bf7c407c2cedff20999df2af8eb42d56 -> 
  custom:audio-encoder-webm-vorbis: bf7c407c2cedff20999df2af8eb42d56 -> 
========================================================================
Received Import Request.
  Time since last request: 99.920051 seconds.
  path: Assets/AHEFramework/Samples/UI
  artifactKey: Guid(b3f7596f05b24fa4b82cac93ab02935f) Importer(815301076,1909f56bfc062723c751e8b465ee728b)
Start importing Assets/AHEFramework/Samples/UI using Guid(b3f7596f05b24fa4b82cac93ab02935f) Importer(815301076,1909f56bfc062723c751e8b465ee728b)  -> (artifact id: '2ede61871a3d1d2b778994b1072dd713') in 0.015654 seconds 
========================================================================
Received Import Request.
  Time since last request: 7.356038 seconds.
  path: Assets/AHEFramework/Samples/UI/Scripts
  artifactKey: Guid(251ce34b9697c464abfc3af0a2b11ba8) Importer(815301076,1909f56bfc062723c751e8b465ee728b)
Start importing Assets/AHEFramework/Samples/UI/Scripts using Guid(251ce34b9697c464abfc3af0a2b11ba8) Importer(815301076,1909f56bfc062723c751e8b465ee728b)  -> (artifact id: '814bf6166dbe45098bb7ffa0933898c4') in 0.014801 seconds 
========================================================================
Received Prepare
Registering precompiled user dll's ...
Registered in 0.003874 seconds.
Begin MonoManager ReloadAssembly
Native extension for WindowsStandalone target not found
Refreshing native plugins compatible for Editor in 0.52 ms, found 3 plugins.
Preloading 0 native plugins for Editor in 0.00 ms.
Mono: successfully reloaded assembly
- Completed reload, in  1.350 seconds
Domain Reload Profiling:
	ReloadAssembly (1351ms)
		BeginReloadAssembly (188ms)
			ExecutionOrderSort (0ms)
			DisableScriptedObjects (10ms)
			BackupInstance (0ms)
			ReleaseScriptingObjects (0ms)
			CreateAndSetChildDomain (66ms)
		EndReloadAssembly (1069ms)
			LoadAssemblies (144ms)
			RebuildTransferFunctionScriptingTraits (0ms)
			SetupTypeCache (384ms)
			ReleaseScriptCaches (1ms)
			RebuildScriptCaches (62ms)
			SetupLoadedEditorAssemblies (375ms)
				LogAssemblyErrors (0ms)
				InitializePlatformSupportModulesInManaged (6ms)
				SetLoadedEditorAssemblies (0ms)
				RefreshPlugins (1ms)
				BeforeProcessingInitializeOnLoad (77ms)
				ProcessInitializeOnLoadAttributes (266ms)
				ProcessInitializeOnLoadMethodAttributes (17ms)
				AfterProcessingInitializeOnLoad (7ms)
				EditorAssembliesLoaded (0ms)
			ExecutionOrderSort2 (0ms)
			AwakeInstancesAfterBackupRestoration (13ms)
Platform modules already initialized, skipping
Refreshing native plugins compatible for Editor in 0.98 ms, found 3 plugins.
Preloading 0 native plugins for Editor in 0.00 ms.
Unloading 2221 Unused Serialized files (Serialized files now loaded: 0)
System memory in use before: 97.8 MB.
System memory in use after: 98.0 MB.

Unloading 18 unused Assets to reduce memory usage. Loaded Objects now: 2702.
Total: 4.666100 ms (FindLiveObjects: 0.199100 ms CreateObjectMapping: 0.081200 ms MarkObjects: 4.334800 ms  DeleteObjects: 0.049900 ms)

AssetImportParameters requested are different than current active one (requested -> active):
  custom:framework-win-MediaFoundation: 216162199b28c13a410421893ffa2e32 -> 
  custom:video-decoder-ogg-theora: a1e56fd34408186e4bbccfd4996cb3dc -> 
  custom:container-muxer-webm: aa71ff27fc2769a1b78a27578f13a17b -> 
  custom:container-demuxer-webm: 4f35f7cbe854078d1ac9338744f61a02 -> 
  custom:container-demuxer-ogg: 62fdf1f143b41e24485cea50d1cbac27 -> 
  custom:video-encoder-webm-vp8: eb34c28f22e8b96e1ab97ce403110664 -> 
  custom:video-decoder-webm-vp8: 9c59270c3fd7afecdb556c50c9e8de78 -> 
  custom:audio-decoder-ogg-vorbis: bf7c407c2cedff20999df2af8eb42d56 -> 
  custom:audio-encoder-webm-vorbis: bf7c407c2cedff20999df2af8eb42d56 -> 
========================================================================
Received Prepare
Registering precompiled user dll's ...
Registered in 0.003759 seconds.
Begin MonoManager ReloadAssembly
Native extension for WindowsStandalone target not found
Refreshing native plugins compatible for Editor in 0.52 ms, found 3 plugins.
Preloading 0 native plugins for Editor in 0.00 ms.
Mono: successfully reloaded assembly
- Completed reload, in  1.397 seconds
Domain Reload Profiling:
	ReloadAssembly (1398ms)
		BeginReloadAssembly (179ms)
			ExecutionOrderSort (0ms)
			DisableScriptedObjects (10ms)
			BackupInstance (0ms)
			ReleaseScriptingObjects (0ms)
			CreateAndSetChildDomain (50ms)
		EndReloadAssembly (1131ms)
			LoadAssemblies (141ms)
			RebuildTransferFunctionScriptingTraits (0ms)
			SetupTypeCache (414ms)
			ReleaseScriptCaches (1ms)
			RebuildScriptCaches (59ms)
			SetupLoadedEditorAssemblies (405ms)
				LogAssemblyErrors (0ms)
				InitializePlatformSupportModulesInManaged (8ms)
				SetLoadedEditorAssemblies (1ms)
				RefreshPlugins (1ms)
				BeforeProcessingInitializeOnLoad (67ms)
				ProcessInitializeOnLoadAttributes (303ms)
				ProcessInitializeOnLoadMethodAttributes (19ms)
				AfterProcessingInitializeOnLoad (7ms)
				EditorAssembliesLoaded (0ms)
			ExecutionOrderSort2 (0ms)
			AwakeInstancesAfterBackupRestoration (13ms)
Platform modules already initialized, skipping
OnLevelWasLoaded was found on CoroutineRunner
This message has been deprecated and will be removed in a later version of Unity.
Add a delegate to SceneManager.sceneLoaded instead to get notifications after scene loading has completed
Refreshing native plugins compatible for Editor in 0.55 ms, found 3 plugins.
Preloading 0 native plugins for Editor in 0.00 ms.
Unloading 2222 Unused Serialized files (Serialized files now loaded: 0)
System memory in use before: 98.0 MB.
System memory in use after: 98.1 MB.

Unloading 18 unused Assets to reduce memory usage. Loaded Objects now: 2705.
Total: 4.598800 ms (FindLiveObjects: 0.200900 ms CreateObjectMapping: 0.090700 ms MarkObjects: 4.259100 ms  DeleteObjects: 0.047100 ms)

AssetImportParameters requested are different than current active one (requested -> active):
  custom:framework-win-MediaFoundation: 216162199b28c13a410421893ffa2e32 -> 
  custom:video-decoder-ogg-theora: a1e56fd34408186e4bbccfd4996cb3dc -> 
  custom:container-muxer-webm: aa71ff27fc2769a1b78a27578f13a17b -> 
  custom:container-demuxer-webm: 4f35f7cbe854078d1ac9338744f61a02 -> 
  custom:container-demuxer-ogg: 62fdf1f143b41e24485cea50d1cbac27 -> 
  custom:video-encoder-webm-vp8: eb34c28f22e8b96e1ab97ce403110664 -> 
  custom:video-decoder-webm-vp8: 9c59270c3fd7afecdb556c50c9e8de78 -> 
  custom:audio-decoder-ogg-vorbis: bf7c407c2cedff20999df2af8eb42d56 -> 
  custom:audio-encoder-webm-vorbis: bf7c407c2cedff20999df2af8eb42d56 -> 
========================================================================
Received Import Request.
  Time since last request: 105.897214 seconds.
  path: Assets/AHEFramework/Scripts/Helpers/Patterns
  artifactKey: Guid(2235d55dcb1eb14498eaba96c8ef2fe4) Importer(815301076,1909f56bfc062723c751e8b465ee728b)
Start importing Assets/AHEFramework/Scripts/Helpers/Patterns using Guid(2235d55dcb1eb14498eaba96c8ef2fe4) Importer(815301076,1909f56bfc062723c751e8b465ee728b)  -> (artifact id: 'cb85486d225d629aafc8a1334ae72f7e') in 0.017368 seconds 
========================================================================
Received Import Request.
  Time since last request: 73.180740 seconds.
  path: Assets/AHEFramework/Scripts/ViewCore/Config.cs
  artifactKey: Guid(5b909804163923d4da45458e2ff690a4) Importer(815301076,1909f56bfc062723c751e8b465ee728b)
Start importing Assets/AHEFramework/Scripts/ViewCore/Config.cs using Guid(5b909804163923d4da45458e2ff690a4) Importer(815301076,1909f56bfc062723c751e8b465ee728b)  -> (artifact id: '3b9afaee24eae79c2b2fa7bfa660a22f') in 0.014627 seconds 
========================================================================
Received Prepare
Registering precompiled user dll's ...
Registered in 0.006222 seconds.
OnLevelWasLoaded was found on CoroutineRunner
This message has been deprecated and will be removed in a later version of Unity.
Add a delegate to SceneManager.sceneLoaded instead to get notifications after scene loading has completed
Begin MonoManager ReloadAssembly
OnLevelWasLoaded was found on CoroutineRunner
This message has been deprecated and will be removed in a later version of Unity.
Add a delegate to SceneManager.sceneLoaded instead to get notifications after scene loading has completed
Native extension for WindowsStandalone target not found
Refreshing native plugins compatible for Editor in 1.01 ms, found 3 plugins.
Preloading 0 native plugins for Editor in 0.00 ms.
Mono: successfully reloaded assembly
- Completed reload, in  1.355 seconds
Domain Reload Profiling:
	ReloadAssembly (1355ms)
		BeginReloadAssembly (175ms)
			ExecutionOrderSort (0ms)
			DisableScriptedObjects (7ms)
			BackupInstance (0ms)
			ReleaseScriptingObjects (0ms)
			CreateAndSetChildDomain (53ms)
		EndReloadAssembly (1088ms)
			LoadAssemblies (150ms)
			RebuildTransferFunctionScriptingTraits (0ms)
			SetupTypeCache (396ms)
			ReleaseScriptCaches (1ms)
			RebuildScriptCaches (58ms)
			SetupLoadedEditorAssemblies (366ms)
				LogAssemblyErrors (0ms)
				InitializePlatformSupportModulesInManaged (6ms)
				SetLoadedEditorAssemblies (1ms)
				RefreshPlugins (1ms)
				BeforeProcessingInitializeOnLoad (81ms)
				ProcessInitializeOnLoadAttributes (250ms)
				ProcessInitializeOnLoadMethodAttributes (20ms)
				AfterProcessingInitializeOnLoad (6ms)
				EditorAssembliesLoaded (0ms)
			ExecutionOrderSort2 (0ms)
			AwakeInstancesAfterBackupRestoration (15ms)
Platform modules already initialized, skipping
Refreshing native plugins compatible for Editor in 0.55 ms, found 3 plugins.
Preloading 0 native plugins for Editor in 0.00 ms.
Unloading 2222 Unused Serialized files (Serialized files now loaded: 0)
System memory in use before: 97.9 MB.
System memory in use after: 98.0 MB.

Unloading 18 unused Assets to reduce memory usage. Loaded Objects now: 2707.
Total: 4.596600 ms (FindLiveObjects: 0.197000 ms CreateObjectMapping: 0.078200 ms MarkObjects: 4.245500 ms  DeleteObjects: 0.075200 ms)

AssetImportParameters requested are different than current active one (requested -> active):
  custom:framework-win-MediaFoundation: 216162199b28c13a410421893ffa2e32 -> 
  custom:video-decoder-ogg-theora: a1e56fd34408186e4bbccfd4996cb3dc -> 
  custom:container-muxer-webm: aa71ff27fc2769a1b78a27578f13a17b -> 
  custom:container-demuxer-webm: 4f35f7cbe854078d1ac9338744f61a02 -> 
  custom:container-demuxer-ogg: 62fdf1f143b41e24485cea50d1cbac27 -> 
  custom:video-encoder-webm-vp8: eb34c28f22e8b96e1ab97ce403110664 -> 
  custom:video-decoder-webm-vp8: 9c59270c3fd7afecdb556c50c9e8de78 -> 
  custom:audio-decoder-ogg-vorbis: bf7c407c2cedff20999df2af8eb42d56 -> 
  custom:audio-encoder-webm-vorbis: bf7c407c2cedff20999df2af8eb42d56 -> 
